
2018-09-04 17:49:01  [success] success to check_shell success from en:8801 with the script:function.py check_shell
2018-09-04 17:49:01  [success] success to execution cmd from en:8801 with the script:run.py
2018-09-04 17:49:01  [success] success to check_shell success from en:8801 with the script:function.py check_shell
2018-09-04 17:49:01  [success] success to execution cmd from en:8801 with the script:run.py
2018-09-04 17:49:01  [success] success to check_shell success from en:8801 with the script:function.py check_shell
2018-09-04 17:49:01  [success] success to execution cmd from en:8801 with the script:run.py
2018-09-04 17:49:02  [success] success to check_shell success from en:8801 with the script:function.py check_shell
2018-09-04 17:49:02  [success] success to execution cmd from en:8801 with the script:run.py
2018-09-04 17:49:02  [success] success to check_shell success from en:8801 with the script:function.py check_shell
2018-09-04 17:49:02  [success] success to execution cmd from en:8801 with the script:run.py
2018-09-04 17:49:02  [success] success to check_shell success from en:8801 with the script:function.py check_shell
2018-09-04 17:49:02  [success] success to execution cmd from en:8801 with the script:run.py
2018-09-04 17:49:02  [success] success to check_shell success from en:8801 with the script:function.py check_shell
2018-09-04 17:49:02  [success] success to execution cmd from en:8801 with the script:run.py
2018-09-04 17:49:02  [success] success to check_shell success from en:8802 with the script:function.py check_shell
2018-09-04 17:49:02  [success] success to execution cmd from en:8802 with the script:run.py
2018-09-04 17:49:02  [success] success to check_shell success from en:8803 with the script:function.py check_shell
2018-09-04 17:49:02  [success] success to execution cmd from en:8803 with the script:run.py
2018-09-04 17:49:02  [success] success to check_shell success from en:8804 with the script:function.py check_shell
2018-09-04 17:49:02  [success] success to execution cmd from en:8804 with the script:run.py
2018-09-04 17:49:02  [success] success to check_shell success from en:8805 with the script:function.py check_shell
2018-09-04 17:49:02  [success] success to execution cmd from en:8805 with the script:run.py
2018-09-04 17:49:02  [success] success to check_shell success from en:8802 with the script:function.py check_shell
2018-09-04 17:49:03  [success] success to execution cmd from en:8802 with the script:run.py
2018-09-04 17:49:03  [success] success to check_shell success from en:8803 with the script:function.py check_shell
2018-09-04 17:49:03  [success] success to execution cmd from en:8803 with the script:run.py
2018-09-04 17:49:03  [success] success to check_shell success from en:8804 with the script:function.py check_shell
2018-09-04 17:49:03  [success] success to execution cmd from en:8804 with the script:run.py
2018-09-04 17:49:03  [success] success to check_shell success from en:8805 with the script:function.py check_shell
2018-09-04 17:49:03  [success] success to execution cmd from en:8805 with the script:run.py
2018-09-04 17:49:03  [success] success to check_shell success from en:8801 with the script:function.py check_shell
2018-09-04 17:49:03  [success] success to execution cmd from en:8801 with the script:run.py
2018-09-04 17:49:03  [success] success to check_shell success from en:8801 with the script:function.py check_shell
2018-09-04 17:49:03  [success] success to execution cmd from en:8801 with the script:run.py
2018-09-04 17:49:03  [success] success to check_shell success from en:8802 with the script:function.py check_shell
2018-09-04 17:49:03  [success] success to execution cmd from en:8802 with the script:run.py
2018-09-04 17:49:03  [success] success to check_shell success from en:8803 with the script:function.py check_shell
2018-09-04 17:49:03  [success] success to execution cmd from en:8803 with the script:run.py
2018-09-04 17:49:04  [success] success to check_shell success from en:8804 with the script:function.py check_shell
2018-09-04 17:49:04  [success] success to execution cmd from en:8804 with the script:run.py
2018-09-04 17:49:04  [success] success to check_shell success from en:8805 with the script:function.py check_shell
2018-09-04 17:49:04  [success] success to execution cmd from en:8805 with the script:run.py
2018-09-04 17:49:04  [success] success to check_shell success from en:8802 with the script:function.py check_shell
2018-09-04 17:49:04  [success] success to execution cmd from en:8802 with the script:run.py
2018-09-04 17:49:04  [success] success to check_shell success from en:8803 with the script:function.py check_shell
2018-09-04 17:49:04  [success] success to execution cmd from en:8803 with the script:run.py
2018-09-04 17:49:04  [success] success to check_shell success from en:8804 with the script:function.py check_shell
2018-09-04 17:49:04  [success] success to execution cmd from en:8804 with the script:run.py
2018-09-04 17:49:04  [success] success to check_shell success from en:8805 with the script:function.py check_shell
2018-09-04 17:49:04  [success] success to execution cmd from en:8805 with the script:run.py
2018-09-04 17:49:04  [success] success to check_shell success from en:8801 with the script:function.py check_shell
2018-09-04 17:49:04  [success] success to execution cmd from en:8801 with the script:run.py
2018-09-04 17:49:04  [success] success to check_shell success from en:8801 with the script:function.py check_shell
2018-09-04 17:49:04  [success] success to execution cmd from en:8801 with the script:run.py
2018-09-04 17:49:04  [success] success to check_shell success from en:8801 with the script:function.py check_shell
2018-09-04 17:49:04  [success] success to execution cmd from en:8801 with the script:run.py
2018-09-04 17:49:05  [success] success to check_shell success from en:8802 with the script:function.py check_shell
2018-09-04 17:49:05  [success] success to execution cmd from en:8802 with the script:run.py
2018-09-04 17:49:05  [success] success to check_shell success from en:8803 with the script:function.py check_shell
2018-09-04 17:49:05  [success] success to execution cmd from en:8803 with the script:run.py
2018-09-04 17:49:05  [success] success to check_shell success from en:8804 with the script:function.py check_shell
2018-09-04 17:49:05  [success] success to execution cmd from en:8804 with the script:run.py
2018-09-04 17:49:05  [success] success to check_shell success from en:8805 with the script:function.py check_shell
2018-09-04 17:49:05  [success] success to execution cmd from en:8805 with the script:run.py
2018-09-04 17:49:05  [success] success to check_shell success from en:8802 with the script:function.py check_shell
2018-09-04 17:49:05  [success] success to execution cmd from en:8802 with the script:run.py
2018-09-04 17:49:05  [success] success to check_shell success from en:8803 with the script:function.py check_shell
2018-09-04 17:49:05  [success] success to execution cmd from en:8803 with the script:run.py
2018-09-04 17:49:05  [success] success to check_shell success from en:8804 with the script:function.py check_shell
2018-09-04 17:49:05  [success] success to execution cmd from en:8804 with the script:run.py
2018-09-04 17:49:05  [success] success to check_shell success from en:8805 with the script:function.py check_shell
2018-09-04 17:49:05  [success] success to execution cmd from en:8805 with the script:run.py
2018-09-04 17:49:05  [success] success to check_shell success from en:8802 with the script:function.py check_shell
2018-09-04 17:49:06  [success] success to execution cmd from en:8802 with the script:run.py
2018-09-04 17:49:06  [success] success to check_shell success from en:8803 with the script:function.py check_shell
2018-09-04 17:49:06  [success] success to execution cmd from en:8803 with the script:run.py
2018-09-04 17:49:06  [success] success to check_shell success from en:8804 with the script:function.py check_shell
2018-09-04 17:49:06  [success] success to execution cmd from en:8804 with the script:run.py
2018-09-04 17:49:06  [success] success to check_shell success from en:8805 with the script:function.py check_shell
2018-09-04 17:49:06  [success] success to execution cmd from en:8805 with the script:run.py
2018-09-04 17:49:06  [success] success to check_shell success from en:8802 with the script:function.py check_shell
2018-09-04 17:49:06  [success] success to execution cmd from en:8802 with the script:run.py
2018-09-04 17:49:06  [success] success to check_shell success from en:8801 with the script:function.py check_shell
2018-09-04 17:49:06  [success] success to execution cmd from en:8801 with the script:run.py
2018-09-04 17:49:06  [success] success to check_shell success from en:8801 with the script:function.py check_shell
2018-09-04 17:49:06  [success] success to execution cmd from en:8801 with the script:run.py
2018-09-04 17:49:06  [success] success to check_shell success from en:8801 with the script:function.py check_shell
2018-09-04 17:49:06  [success] success to execution cmd from en:8801 with the script:run.py
2018-09-04 17:49:07  [success] success to check_shell success from en:8802 with the script:function.py check_shell
2018-09-04 17:49:07  [success] success to execution cmd from en:8802 with the script:run.py
2018-09-04 17:49:07  [success] success to check_shell success from en:8803 with the script:function.py check_shell
2018-09-04 17:49:07  [success] success to execution cmd from en:8803 with the script:run.py
2018-09-04 17:49:07  [success] success to check_shell success from en:8804 with the script:function.py check_shell
2018-09-04 17:49:07  [success] success to execution cmd from en:8804 with the script:run.py
2018-09-04 17:49:07  [success] success to check_shell success from en:8805 with the script:function.py check_shell
2018-09-04 17:49:07  [success] success to execution cmd from en:8805 with the script:run.py
2018-09-04 17:49:07  [success] success to check_shell success from en:8802 with the script:function.py check_shell
2018-09-04 17:49:07  [success] success to execution cmd from en:8802 with the script:run.py
2018-09-04 17:49:27  [success] success to check_shell success from en:8801 with the script:function.py check_shell
2018-09-04 17:49:27  [success] success to execution cmd from en:8801 with the script:run.py
2018-09-04 17:49:27  [success] success to check_shell success from en:8801 with the script:function.py check_shell
2018-09-04 17:49:27  [success] success to execution cmd from en:8801 with the script:run.py
2018-09-04 17:49:27  [success] success to check_shell success from en:8801 with the script:function.py check_shell
2018-09-04 17:49:27  [success] success to execution cmd from en:8801 with the script:run.py
2018-09-04 17:49:27  [success] success to check_shell success from en:8801 with the script:function.py check_shell
2018-09-04 17:49:27  [success] success to execution cmd from en:8801 with the script:run.py
2018-09-04 17:49:27  [success] success to check_shell success from en:8801 with the script:function.py check_shell
2018-09-04 17:49:27  [success] success to execution cmd from en:8801 with the script:run.py
2018-09-04 17:49:28  [success] success to check_shell success from en:8801 with the script:function.py check_shell
2018-09-04 17:49:28  [success] success to execution cmd from en:8801 with the script:run.py
2018-09-04 17:49:28  [success] success to check_shell success from en:8801 with the script:function.py check_shell
2018-09-04 17:49:28  [success] success to execution cmd from en:8801 with the script:run.py
2018-09-04 17:49:28  [success] success to check_shell success from en:8802 with the script:function.py check_shell
2018-09-04 17:49:28  [success] success to execution cmd from en:8802 with the script:run.py
2018-09-04 17:49:28  [success] success to check_shell success from en:8803 with the script:function.py check_shell
2018-09-04 17:49:28  [success] success to execution cmd from en:8803 with the script:run.py
2018-09-04 17:49:28  [success] success to check_shell success from en:8804 with the script:function.py check_shell
2018-09-04 17:49:28  [success] success to execution cmd from en:8804 with the script:run.py
2018-09-04 17:49:28  [success] success to check_shell success from en:8805 with the script:function.py check_shell
2018-09-04 17:49:28  [success] success to execution cmd from en:8805 with the script:run.py
2018-09-04 17:49:28  [success] success to check_shell success from en:8802 with the script:function.py check_shell
2018-09-04 17:49:28  [success] success to execution cmd from en:8802 with the script:run.py
2018-09-04 17:50:58  [warning] fail to attack: en:8801 with error: check_shell failed with the script: function.py check_shell
2018-09-04 17:50:59  [success] success to execution cmd from en:8801 with the script:run.py
2018-09-04 17:51:03  [error] fail to attack: en with error: timed out with the script: function.py execute_shell
2018-09-04 17:51:07  [success] success to check_shell success from en:8801 with the script:function.py check_shell
2018-09-04 17:51:07  [success] success to execution cmd from en:8801 with the script:run.py
2018-09-04 17:51:07  [success] success to check_shell success from en:8801 with the script:function.py check_shell
2018-09-04 17:51:08  [success] success to execution cmd from en:8801 with the script:run.py
2018-09-04 17:51:08  [success] success to check_shell success from en:8801 with the script:function.py check_shell
2018-09-04 17:51:08  [success] success to execution cmd from en:8801 with the script:run.py
2018-09-04 17:51:08  [success] success to check_shell success from en:8801 with the script:function.py check_shell
2018-09-04 17:51:08  [success] success to execution cmd from en:8801 with the script:run.py
2018-09-04 17:51:08  [success] success to check_shell success from en:8801 with the script:function.py check_shell
2018-09-04 17:51:08  [success] success to execution cmd from en:8801 with the script:run.py
2018-09-04 17:51:08  [success] success to check_shell success from en:8801 with the script:function.py check_shell
2018-09-04 17:51:08  [success] success to execution cmd from en:8801 with the script:run.py
2018-09-04 17:51:08  [success] success to check_shell success from en:8801 with the script:function.py check_shell
2018-09-04 17:51:08  [success] success to execution cmd from en:8801 with the script:run.py
2018-09-04 17:51:09  [warning] fail to attack: en:8802 with error: check_shell failed with the script: function.py check_shell
2018-09-04 17:51:10  [success] success to execution cmd from en:8802 with the script:run.py
2018-09-04 17:51:14  [error] fail to attack: en with error: timed out with the script: function.py execute_shell
2018-09-04 17:51:14  [warning] fail to attack: en:8803 with error: check_shell failed with the script: function.py check_shell
2018-09-04 17:51:15  [success] success to execution cmd from en:8803 with the script:run.py
2018-09-04 17:51:19  [error] fail to attack: en with error: timed out with the script: function.py execute_shell
2018-09-04 17:51:19  [warning] fail to attack: en:8804 with error: check_shell failed with the script: function.py check_shell
2018-09-04 17:51:21  [success] success to execution cmd from en:8804 with the script:run.py
2018-09-04 17:51:25  [error] fail to attack: en with error: timed out with the script: function.py execute_shell
2018-09-04 17:51:25  [warning] fail to attack: en:8805 with error: check_shell failed with the script: function.py check_shell
2018-09-04 17:51:26  [success] success to execution cmd from en:8805 with the script:run.py
2018-09-04 17:51:30  [error] fail to attack: en with error: timed out with the script: function.py execute_shell
2018-09-04 17:51:30  [success] success to check_shell success from en:8802 with the script:function.py check_shell
2018-09-04 17:51:30  [success] success to execution cmd from en:8802 with the script:run.py
2018-09-04 17:51:31  [success] success to check_shell success from en:8803 with the script:function.py check_shell
2018-09-04 17:51:31  [success] success to execution cmd from en:8803 with the script:run.py
2018-09-04 17:51:31  [success] success to check_shell success from en:8804 with the script:function.py check_shell
2018-09-04 17:51:31  [success] success to execution cmd from en:8804 with the script:run.py
2018-09-04 17:51:31  [success] success to check_shell success from en:8805 with the script:function.py check_shell
2018-09-04 17:51:31  [success] success to execution cmd from en:8805 with the script:run.py
2018-09-04 17:51:31  [success] success to check_shell success from en:8801 with the script:function.py check_shell
2018-09-04 17:51:31  [success] success to execution cmd from en:8801 with the script:run.py
2018-09-04 17:51:31  [success] success to check_shell success from en:8801 with the script:function.py check_shell
2018-09-04 17:51:31  [success] success to execution cmd from en:8801 with the script:run.py
2018-09-04 17:51:32  [success] success to check_shell success from en:8802 with the script:function.py check_shell
2018-09-04 17:51:32  [success] success to execution cmd from en:8802 with the script:run.py
2018-09-04 17:51:32  [success] success to check_shell success from en:8803 with the script:function.py check_shell
2018-09-04 17:51:32  [success] success to execution cmd from en:8803 with the script:run.py
2018-09-04 17:51:32  [success] success to check_shell success from en:8804 with the script:function.py check_shell
2018-09-04 17:51:32  [success] success to execution cmd from en:8804 with the script:run.py
2018-09-04 17:51:32  [success] success to check_shell success from en:8805 with the script:function.py check_shell
2018-09-04 17:51:32  [success] success to execution cmd from en:8805 with the script:run.py
2018-09-04 17:51:32  [success] success to check_shell success from en:8802 with the script:function.py check_shell
2018-09-04 17:51:32  [success] success to execution cmd from en:8802 with the script:run.py
2018-09-04 17:51:32  [success] success to check_shell success from en:8803 with the script:function.py check_shell
2018-09-04 17:51:33  [success] success to execution cmd from en:8803 with the script:run.py
2018-09-04 17:51:33  [success] success to check_shell success from en:8804 with the script:function.py check_shell
2018-09-04 17:51:33  [success] success to execution cmd from en:8804 with the script:run.py
2018-09-04 17:51:33  [success] success to check_shell success from en:8805 with the script:function.py check_shell
2018-09-04 17:51:33  [success] success to execution cmd from en:8805 with the script:run.py
2018-09-04 17:51:33  [success] success to check_shell success from en:8801 with the script:function.py check_shell
2018-09-04 17:51:33  [success] success to execution cmd from en:8801 with the script:run.py
2018-09-04 17:51:33  [success] success to check_shell success from en:8801 with the script:function.py check_shell
2018-09-04 17:51:33  [success] success to execution cmd from en:8801 with the script:run.py
2018-09-04 17:51:33  [success] success to check_shell success from en:8801 with the script:function.py check_shell
2018-09-04 17:51:34  [success] success to execution cmd from en:8801 with the script:run.py
2018-09-04 17:51:34  [success] success to check_shell success from en:8802 with the script:function.py check_shell
2018-09-04 17:51:34  [success] success to execution cmd from en:8802 with the script:run.py
2018-09-04 17:51:34  [success] success to check_shell success from en:8803 with the script:function.py check_shell
2018-09-04 17:51:34  [success] success to execution cmd from en:8803 with the script:run.py
2018-09-04 17:51:34  [success] success to check_shell success from en:8804 with the script:function.py check_shell
2018-09-04 17:51:34  [success] success to execution cmd from en:8804 with the script:run.py
2018-09-04 17:51:34  [success] success to check_shell success from en:8805 with the script:function.py check_shell
2018-09-04 17:51:34  [success] success to execution cmd from en:8805 with the script:run.py
2018-09-04 17:51:34  [success] success to check_shell success from en:8802 with the script:function.py check_shell
2018-09-04 17:51:34  [success] success to execution cmd from en:8802 with the script:run.py
2018-09-04 17:51:35  [success] success to check_shell success from en:8803 with the script:function.py check_shell
2018-09-04 17:51:35  [success] success to execution cmd from en:8803 with the script:run.py
2018-09-04 17:51:35  [success] success to check_shell success from en:8804 with the script:function.py check_shell
2018-09-04 17:51:35  [success] success to execution cmd from en:8804 with the script:run.py
2018-09-04 17:51:35  [success] success to check_shell success from en:8805 with the script:function.py check_shell
2018-09-04 17:51:35  [success] success to execution cmd from en:8805 with the script:run.py
2018-09-04 17:51:35  [success] success to check_shell success from en:8802 with the script:function.py check_shell
2018-09-04 17:51:35  [success] success to execution cmd from en:8802 with the script:run.py
2018-09-04 17:51:35  [success] success to check_shell success from en:8803 with the script:function.py check_shell
2018-09-04 17:51:35  [success] success to execution cmd from en:8803 with the script:run.py
2018-09-04 17:51:35  [success] success to check_shell success from en:8804 with the script:function.py check_shell
2018-09-04 17:51:36  [success] success to execution cmd from en:8804 with the script:run.py
2018-09-04 17:51:36  [success] success to check_shell success from en:8805 with the script:function.py check_shell
2018-09-04 17:51:36  [success] success to execution cmd from en:8805 with the script:run.py
2018-09-04 17:51:36  [success] success to check_shell success from en:8802 with the script:function.py check_shell
2018-09-04 17:51:36  [success] success to execution cmd from en:8802 with the script:run.py
2018-09-04 17:51:36  [success] success to check_shell success from en:8801 with the script:function.py check_shell
2018-09-04 17:51:36  [success] success to execution cmd from en:8801 with the script:run.py
2018-09-04 17:51:36  [success] success to check_shell success from en:8801 with the script:function.py check_shell
2018-09-04 17:51:36  [success] success to execution cmd from en:8801 with the script:run.py
2018-09-04 17:51:36  [success] success to check_shell success from en:8801 with the script:function.py check_shell
2018-09-04 17:51:36  [success] success to execution cmd from en:8801 with the script:run.py
2018-09-04 17:51:37  [success] success to check_shell success from en:8802 with the script:function.py check_shell
2018-09-04 17:51:37  [success] success to execution cmd from en:8802 with the script:run.py
2018-09-04 17:51:37  [success] success to check_shell success from en:8803 with the script:function.py check_shell
2018-09-04 17:51:37  [success] success to execution cmd from en:8803 with the script:run.py
2018-09-04 17:51:37  [success] success to check_shell success from en:8804 with the script:function.py check_shell
2018-09-04 17:51:37  [success] success to execution cmd from en:8804 with the script:run.py
2018-09-04 17:51:37  [success] success to check_shell success from en:8805 with the script:function.py check_shell
2018-09-04 17:51:37  [success] success to execution cmd from en:8805 with the script:run.py
2018-09-04 17:51:37  [success] success to check_shell success from en:8802 with the script:function.py check_shell
2018-09-04 17:51:37  [success] success to execution cmd from en:8802 with the script:run.py
2018-09-04 17:51:57  [success] success to check_shell success from en:8801 with the script:function.py check_shell
2018-09-04 17:51:57  [success] success to execution cmd from en:8801 with the script:run.py
2018-09-04 17:51:57  [success] success to check_shell success from en:8801 with the script:function.py check_shell
2018-09-04 17:51:58  [success] success to execution cmd from en:8801 with the script:run.py
2018-09-04 17:51:58  [success] success to check_shell success from en:8801 with the script:function.py check_shell
2018-09-04 17:51:58  [success] success to execution cmd from en:8801 with the script:run.py
2018-09-04 17:51:58  [success] success to check_shell success from en:8801 with the script:function.py check_shell
2018-09-04 17:51:58  [success] success to execution cmd from en:8801 with the script:run.py
2018-09-04 17:51:58  [success] success to check_shell success from en:8801 with the script:function.py check_shell
2018-09-04 17:51:58  [success] success to execution cmd from en:8801 with the script:run.py
2018-09-04 17:51:58  [success] success to check_shell success from en:8801 with the script:function.py check_shell
2018-09-04 17:51:58  [success] success to execution cmd from en:8801 with the script:run.py
2018-09-04 17:51:58  [success] success to check_shell success from en:8801 with the script:function.py check_shell
2018-09-04 17:51:58  [success] success to execution cmd from en:8801 with the script:run.py
2018-09-04 17:51:59  [success] success to check_shell success from en:8802 with the script:function.py check_shell
2018-09-04 17:51:59  [success] success to execution cmd from en:8802 with the script:run.py
2018-09-04 17:51:59  [success] success to check_shell success from en:8803 with the script:function.py check_shell
2018-09-04 17:51:59  [success] success to execution cmd from en:8803 with the script:run.py
2018-09-04 17:51:59  [success] success to check_shell success from en:8804 with the script:function.py check_shell
2018-09-04 17:51:59  [success] success to execution cmd from en:8804 with the script:run.py
2018-09-04 17:51:59  [success] success to check_shell success from en:8805 with the script:function.py check_shell
2018-09-04 17:51:59  [success] success to execution cmd from en:8805 with the script:run.py
2018-09-04 17:51:59  [success] success to check_shell success from en:8802 with the script:function.py check_shell
2018-09-04 17:51:59  [success] success to execution cmd from en:8802 with the script:run.py
2018-09-04 17:51:59  [success] success to check_shell success from en:8803 with the script:function.py check_shell
2018-09-04 17:52:00  [success] success to execution cmd from en:8803 with the script:run.py
2018-09-04 17:52:00  [success] success to check_shell success from en:8804 with the script:function.py check_shell
2018-09-04 17:52:00  [success] success to execution cmd from en:8804 with the script:run.py
2018-09-04 17:52:00  [success] success to check_shell success from en:8805 with the script:function.py check_shell
2018-09-04 17:52:00  [success] success to execution cmd from en:8805 with the script:run.py
2018-09-04 17:52:00  [success] success to check_shell success from en:8801 with the script:function.py check_shell
2018-09-04 17:52:00  [success] success to execution cmd from en:8801 with the script:run.py
2018-09-04 17:52:00  [success] success to check_shell success from en:8801 with the script:function.py check_shell
2018-09-04 17:52:00  [success] success to execution cmd from en:8801 with the script:run.py
2018-09-04 17:52:00  [success] success to check_shell success from en:8802 with the script:function.py check_shell
2018-09-04 17:52:00  [success] success to execution cmd from en:8802 with the script:run.py
2018-09-04 17:52:01  [success] success to check_shell success from en:8803 with the script:function.py check_shell
2018-09-04 17:52:01  [success] success to execution cmd from en:8803 with the script:run.py
2018-09-04 17:52:01  [success] success to check_shell success from en:8804 with the script:function.py check_shell
2018-09-04 17:52:01  [success] success to execution cmd from en:8804 with the script:run.py
2018-09-04 17:52:01  [success] success to check_shell success from en:8805 with the script:function.py check_shell
2018-09-04 17:52:01  [success] success to execution cmd from en:8805 with the script:run.py
2018-09-04 17:52:01  [success] success to check_shell success from en:8802 with the script:function.py check_shell
2018-09-04 17:52:01  [success] success to execution cmd from en:8802 with the script:run.py
2018-09-04 17:52:01  [success] success to check_shell success from en:8803 with the script:function.py check_shell
2018-09-04 17:52:01  [success] success to execution cmd from en:8803 with the script:run.py
2018-09-04 17:52:01  [success] success to check_shell success from en:8804 with the script:function.py check_shell
2018-09-04 17:52:02  [success] success to execution cmd from en:8804 with the script:run.py
2018-09-04 17:52:02  [success] success to check_shell success from en:8805 with the script:function.py check_shell
2018-09-04 17:52:02  [success] success to execution cmd from en:8805 with the script:run.py
2018-09-04 17:52:02  [success] success to check_shell success from en:8801 with the script:function.py check_shell
2018-09-04 17:52:02  [success] success to execution cmd from en:8801 with the script:run.py
2018-09-04 17:52:02  [success] success to check_shell success from en:8801 with the script:function.py check_shell
2018-09-04 17:52:02  [success] success to execution cmd from en:8801 with the script:run.py
2018-09-04 17:52:02  [success] success to check_shell success from en:8801 with the script:function.py check_shell
2018-09-04 17:52:02  [success] success to execution cmd from en:8801 with the script:run.py
2018-09-04 17:52:02  [success] success to check_shell success from en:8802 with the script:function.py check_shell
2018-09-04 17:52:02  [success] success to execution cmd from en:8802 with the script:run.py
2018-09-04 17:52:03  [success] success to check_shell success from en:8803 with the script:function.py check_shell
2018-09-04 17:52:03  [success] success to execution cmd from en:8803 with the script:run.py
2018-09-04 17:52:03  [success] success to check_shell success from en:8804 with the script:function.py check_shell
2018-09-04 17:52:03  [success] success to execution cmd from en:8804 with the script:run.py
2018-09-04 17:52:03  [success] success to check_shell success from en:8805 with the script:function.py check_shell
2018-09-04 17:52:03  [success] success to execution cmd from en:8805 with the script:run.py
2018-09-04 17:52:03  [success] success to check_shell success from en:8802 with the script:function.py check_shell
2018-09-04 17:52:03  [success] success to execution cmd from en:8802 with the script:run.py
2018-09-04 17:52:03  [success] success to check_shell success from en:8803 with the script:function.py check_shell
2018-09-04 17:52:03  [success] success to execution cmd from en:8803 with the script:run.py
2018-09-04 17:52:04  [success] success to check_shell success from en:8804 with the script:function.py check_shell
2018-09-04 17:52:04  [success] success to execution cmd from en:8804 with the script:run.py
2018-09-04 17:52:04  [success] success to check_shell success from en:8805 with the script:function.py check_shell
2018-09-04 17:52:04  [success] success to execution cmd from en:8805 with the script:run.py
2018-09-04 17:52:04  [success] success to check_shell success from en:8802 with the script:function.py check_shell
2018-09-04 17:52:04  [success] success to execution cmd from en:8802 with the script:run.py
2018-09-04 17:52:04  [success] success to check_shell success from en:8803 with the script:function.py check_shell
2018-09-04 17:52:04  [success] success to execution cmd from en:8803 with the script:run.py
2018-09-04 17:52:04  [success] success to check_shell success from en:8804 with the script:function.py check_shell
2018-09-04 17:52:04  [success] success to execution cmd from en:8804 with the script:run.py
2018-09-04 17:52:04  [success] success to check_shell success from en:8805 with the script:function.py check_shell
2018-09-04 17:52:04  [success] success to execution cmd from en:8805 with the script:run.py
2018-09-04 17:52:05  [success] success to check_shell success from en:8802 with the script:function.py check_shell
2018-09-04 17:52:05  [success] success to execution cmd from en:8802 with the script:run.py
2018-09-04 17:52:05  [success] success to check_shell success from en:8801 with the script:function.py check_shell
2018-09-04 17:52:05  [success] success to execution cmd from en:8801 with the script:run.py
2018-09-04 17:52:05  [success] success to check_shell success from en:8801 with the script:function.py check_shell
2018-09-04 17:52:05  [success] success to execution cmd from en:8801 with the script:run.py
2018-09-04 17:52:05  [success] success to check_shell success from en:8801 with the script:function.py check_shell
2018-09-04 17:52:05  [success] success to execution cmd from en:8801 with the script:run.py
2018-09-04 17:52:05  [success] success to check_shell success from en:8802 with the script:function.py check_shell
2018-09-04 17:52:05  [success] success to execution cmd from en:8802 with the script:run.py
2018-09-04 17:52:05  [success] success to check_shell success from en:8803 with the script:function.py check_shell
2018-09-04 17:52:06  [success] success to execution cmd from en:8803 with the script:run.py
2018-09-04 17:52:06  [success] success to check_shell success from en:8804 with the script:function.py check_shell
2018-09-04 17:52:06  [success] success to execution cmd from en:8804 with the script:run.py
2018-09-04 17:52:06  [success] success to check_shell success from en:8805 with the script:function.py check_shell
2018-09-04 17:52:06  [success] success to execution cmd from en:8805 with the script:run.py
2018-09-04 17:52:06  [success] success to check_shell success from en:8802 with the script:function.py check_shell
2018-09-04 17:52:06  [success] success to execution cmd from en:8802 with the script:run.py
2018-09-04 17:52:27  [success] success to check_shell success from en:8801 with the script:function.py check_shell
2018-09-04 17:52:27  [success] success to check_shell success from en:8801 with the script:function.py check_shell
2018-09-04 17:52:27  [success] success to check_shell success from en:8801 with the script:function.py check_shell
2018-09-04 17:52:27  [success] success to check_shell success from en:8801 with the script:function.py check_shell
2018-09-04 17:52:27  [success] success to execution cmd from en:8801 with the script:run.py
2018-09-04 17:52:27  [success] success to execution cmd from en:8801 with the script:run.py
2018-09-04 17:52:27  [success] success to execution cmd from en:8801 with the script:run.py
2018-09-04 17:52:27  [success] success to execution cmd from en:8801 with the script:run.py
2018-09-04 17:52:27  [success] success to check_shell success from en:8801 with the script:function.py check_shell
2018-09-04 17:52:27  [success] success to check_shell success from en:8801 with the script:function.py check_shell
2018-09-04 17:52:27  [success] success to check_shell success from en:8801 with the script:function.py check_shell
2018-09-04 17:52:27  [success] success to check_shell success from en:8802 with the script:function.py check_shell
2018-09-04 17:52:27  [success] success to execution cmd from en:8801 with the script:run.py
2018-09-04 17:52:27  [success] success to execution cmd from en:8801 with the script:run.py
2018-09-04 17:52:27  [success] success to execution cmd from en:8801 with the script:run.py
2018-09-04 17:52:27  [success] success to execution cmd from en:8802 with the script:run.py
2018-09-04 17:52:27  [success] success to check_shell success from en:8803 with the script:function.py check_shell
2018-09-04 17:52:27  [success] success to check_shell success from en:8804 with the script:function.py check_shell
2018-09-04 17:52:27  [success] success to check_shell success from en:8805 with the script:function.py check_shell
2018-09-04 17:52:27  [success] success to execution cmd from en:8803 with the script:run.py
2018-09-04 17:52:27  [success] success to execution cmd from en:8804 with the script:run.py
2018-09-04 17:52:27  [success] success to execution cmd from en:8805 with the script:run.py
2018-09-04 17:52:27  [success] success to check_shell success from en:8802 with the script:function.py check_shell
2018-09-04 17:52:27  [success] success to execution cmd from en:8802 with the script:run.py
2018-09-04 17:52:27  [success] success to check_shell success from en:8803 with the script:function.py check_shell
2018-09-04 17:52:27  [success] success to check_shell success from en:8804 with the script:function.py check_shell
2018-09-04 17:52:27  [success] success to execution cmd from en:8803 with the script:run.py
2018-09-04 17:52:27  [success] success to check_shell success from en:8805 with the script:function.py check_shell
2018-09-04 17:52:27  [success] success to check_shell success from en:8801 with the script:function.py check_shell
2018-09-04 17:52:27  [success] success to execution cmd from en:8804 with the script:run.py
2018-09-04 17:52:27  [success] success to execution cmd from en:8805 with the script:run.py
2018-09-04 17:52:28  [success] success to check_shell success from en:8801 with the script:function.py check_shell
2018-09-04 17:52:28  [success] success to execution cmd from en:8801 with the script:run.py
2018-09-04 17:52:28  [success] success to execution cmd from en:8801 with the script:run.py
2018-09-04 17:52:28  [success] success to check_shell success from en:8802 with the script:function.py check_shell
2018-09-04 17:52:28  [success] success to execution cmd from en:8802 with the script:run.py
2018-09-04 17:52:28  [success] success to check_shell success from en:8803 with the script:function.py check_shell
2018-09-04 17:52:28  [success] success to check_shell success from en:8804 with the script:function.py check_shell
2018-09-04 17:52:28  [success] success to execution cmd from en:8803 with the script:run.py
2018-09-04 17:52:28  [success] success to execution cmd from en:8804 with the script:run.py
2018-09-04 17:52:28  [success] success to check_shell success from en:8805 with the script:function.py check_shell
2018-09-04 17:52:28  [success] success to check_shell success from en:8802 with the script:function.py check_shell
2018-09-04 17:52:28  [success] success to execution cmd from en:8805 with the script:run.py
2018-09-04 17:52:28  [success] success to execution cmd from en:8802 with the script:run.py
2018-09-04 17:52:28  [success] success to check_shell success from en:8803 with the script:function.py check_shell
2018-09-04 17:52:28  [success] success to check_shell success from en:8804 with the script:function.py check_shell
2018-09-04 17:52:28  [success] success to execution cmd from en:8803 with the script:run.py
2018-09-04 17:52:28  [success] success to execution cmd from en:8804 with the script:run.py
2018-09-04 17:52:28  [success] success to check_shell success from en:8805 with the script:function.py check_shell
2018-09-04 17:52:28  [success] success to check_shell success from en:8801 with the script:function.py check_shell
2018-09-04 17:52:28  [success] success to execution cmd from en:8805 with the script:run.py
2018-09-04 17:52:28  [success] success to check_shell success from en:8801 with the script:function.py check_shell
2018-09-04 17:52:28  [success] success to check_shell success from en:8801 with the script:function.py check_shell
2018-09-04 17:52:28  [success] success to execution cmd from en:8801 with the script:run.py
2018-09-04 17:52:28  [success] success to execution cmd from en:8801 with the script:run.py
2018-09-04 17:52:28  [success] success to execution cmd from en:8801 with the script:run.py
2018-09-04 17:52:28  [success] success to check_shell success from en:8802 with the script:function.py check_shell
2018-09-04 17:52:28  [success] success to execution cmd from en:8802 with the script:run.py
2018-09-04 17:52:28  [success] success to check_shell success from en:8804 with the script:function.py check_shell
2018-09-04 17:52:28  [success] success to check_shell success from en:8803 with the script:function.py check_shell
2018-09-04 17:52:28  [success] success to check_shell success from en:8805 with the script:function.py check_shell
2018-09-04 17:52:28  [success] success to execution cmd from en:8804 with the script:run.py
2018-09-04 17:52:28  [success] success to execution cmd from en:8803 with the script:run.py
2018-09-04 17:52:28  [success] success to execution cmd from en:8805 with the script:run.py
2018-09-04 17:52:28  [success] success to check_shell success from en:8802 with the script:function.py check_shell
2018-09-04 17:52:28  [success] success to execution cmd from en:8802 with the script:run.py
2018-09-04 17:52:28  [success] success to check_shell success from en:8803 with the script:function.py check_shell
2018-09-04 17:52:28  [success] success to check_shell success from en:8805 with the script:function.py check_shell
2018-09-04 17:52:28  [success] success to execution cmd from en:8803 with the script:run.py
2018-09-04 17:52:28  [success] success to check_shell success from en:8802 with the script:function.py check_shell
2018-09-04 17:52:28  [success] success to check_shell success from en:8804 with the script:function.py check_shell
2018-09-04 17:52:28  [success] success to execution cmd from en:8805 with the script:run.py
2018-09-04 17:52:28  [success] success to execution cmd from en:8804 with the script:run.py
2018-09-04 17:52:28  [success] success to execution cmd from en:8802 with the script:run.py
2018-09-04 17:52:28  [success] success to check_shell success from en:8803 with the script:function.py check_shell
2018-09-04 17:52:28  [success] success to check_shell success from en:8805 with the script:function.py check_shell
2018-09-04 17:52:29  [success] success to check_shell success from en:8802 with the script:function.py check_shell
2018-09-04 17:52:29  [success] success to check_shell success from en:8804 with the script:function.py check_shell
2018-09-04 17:52:29  [success] success to execution cmd from en:8805 with the script:run.py
2018-09-04 17:52:29  [success] success to execution cmd from en:8803 with the script:run.py
2018-09-04 17:52:29  [success] success to execution cmd from en:8802 with the script:run.py
2018-09-04 17:52:29  [success] success to execution cmd from en:8804 with the script:run.py
2018-09-04 17:52:29  [success] success to check_shell success from en:8801 with the script:function.py check_shell
2018-09-04 17:52:29  [success] success to check_shell success from en:8801 with the script:function.py check_shell
2018-09-04 17:52:29  [success] success to execution cmd from en:8801 with the script:run.py
2018-09-04 17:52:29  [success] success to check_shell success from en:8802 with the script:function.py check_shell
2018-09-04 17:52:29  [success] success to check_shell success from en:8801 with the script:function.py check_shell
2018-09-04 17:52:29  [success] success to execution cmd from en:8801 with the script:run.py
2018-09-04 17:52:29  [success] success to execution cmd from en:8802 with the script:run.py
2018-09-04 17:52:29  [success] success to execution cmd from en:8801 with the script:run.py
2018-09-04 17:52:29  [success] success to check_shell success from en:8803 with the script:function.py check_shell
2018-09-04 17:52:29  [success] success to execution cmd from en:8803 with the script:run.py
2018-09-04 17:52:29  [success] success to check_shell success from en:8805 with the script:function.py check_shell
2018-09-04 17:52:29  [success] success to check_shell success from en:8802 with the script:function.py check_shell
2018-09-04 17:52:29  [success] success to check_shell success from en:8804 with the script:function.py check_shell
2018-09-04 17:52:29  [success] success to execution cmd from en:8805 with the script:run.py
2018-09-04 17:52:29  [success] success to execution cmd from en:8802 with the script:run.py
2018-09-04 17:52:29  [success] success to execution cmd from en:8804 with the script:run.py
2018-09-04 17:52:49  [success] success to check_shell success from en:8801 with the script:function.py check_shell
2018-09-04 17:52:49  [success] success to check_shell success from en:8801 with the script:function.py check_shell
2018-09-04 17:52:49  [success] success to check_shell success from en:8801 with the script:function.py check_shell
2018-09-04 17:52:49  [success] success to check_shell success from en:8801 with the script:function.py check_shell
2018-09-04 17:52:49  [success] success to execution cmd from en:8801 with the script:run.py
2018-09-04 17:52:49  [success] success to execution cmd from en:8801 with the script:run.py
2018-09-04 17:52:49  [success] success to execution cmd from en:8801 with the script:run.py
2018-09-04 17:52:49  [success] success to execution cmd from en:8801 with the script:run.py
2018-09-04 17:52:49  [success] success to check_shell success from en:8801 with the script:function.py check_shell
2018-09-04 17:52:49  [success] success to check_shell success from en:8801 with the script:function.py check_shell
2018-09-04 17:52:49  [success] success to check_shell success from en:8801 with the script:function.py check_shell
2018-09-04 17:52:49  [success] success to check_shell success from en:8802 with the script:function.py check_shell
2018-09-04 17:52:49  [success] success to execution cmd from en:8801 with the script:run.py
2018-09-04 17:52:49  [success] success to execution cmd from en:8801 with the script:run.py
2018-09-04 17:52:49  [success] success to execution cmd from en:8801 with the script:run.py
2018-09-04 17:52:49  [success] success to execution cmd from en:8802 with the script:run.py
2018-09-04 17:52:49  [success] success to check_shell success from en:8803 with the script:function.py check_shell
2018-09-04 17:52:49  [success] success to check_shell success from en:8804 with the script:function.py check_shell
2018-09-04 17:52:49  [success] success to check_shell success from en:8805 with the script:function.py check_shell
2018-09-04 17:52:49  [success] success to execution cmd from en:8803 with the script:run.py
2018-09-04 17:52:49  [success] success to check_shell success from en:8802 with the script:function.py check_shell
2018-09-04 17:52:49  [success] success to execution cmd from en:8804 with the script:run.py
2018-09-04 17:52:49  [success] success to execution cmd from en:8805 with the script:run.py
2018-09-04 17:52:49  [success] success to execution cmd from en:8802 with the script:run.py
2018-09-04 17:52:49  [success] success to check_shell success from en:8803 with the script:function.py check_shell
2018-09-04 17:52:49  [success] success to check_shell success from en:8804 with the script:function.py check_shell
2018-09-04 17:52:49  [success] success to check_shell success from en:8805 with the script:function.py check_shell
2018-09-04 17:52:50  [success] success to execution cmd from en:8803 with the script:run.py
2018-09-04 17:52:50  [success] success to check_shell success from en:8801 with the script:function.py check_shell
2018-09-04 17:52:50  [success] success to execution cmd from en:8804 with the script:run.py
2018-09-04 17:52:50  [success] success to execution cmd from en:8805 with the script:run.py
2018-09-04 17:52:50  [success] success to execution cmd from en:8801 with the script:run.py
2018-09-04 17:52:50  [success] success to check_shell success from en:8801 with the script:function.py check_shell
2018-09-04 17:52:50  [success] success to check_shell success from en:8802 with the script:function.py check_shell
2018-09-04 17:52:50  [success] success to check_shell success from en:8803 with the script:function.py check_shell
2018-09-04 17:52:50  [success] success to check_shell success from en:8804 with the script:function.py check_shell
2018-09-04 17:52:50  [success] success to execution cmd from en:8801 with the script:run.py
2018-09-04 17:52:50  [success] success to execution cmd from en:8802 with the script:run.py
2018-09-04 17:52:50  [success] success to execution cmd from en:8803 with the script:run.py
2018-09-04 17:52:50  [success] success to execution cmd from en:8804 with the script:run.py
2018-09-04 17:52:50  [success] success to check_shell success from en:8805 with the script:function.py check_shell
2018-09-04 17:52:50  [success] success to check_shell success from en:8802 with the script:function.py check_shell
2018-09-04 17:52:50  [success] success to check_shell success from en:8804 with the script:function.py check_shell
2018-09-04 17:52:50  [success] success to execution cmd from en:8805 with the script:run.py
2018-09-04 17:52:50  [success] success to check_shell success from en:8803 with the script:function.py check_shell
2018-09-04 17:52:50  [success] success to execution cmd from en:8802 with the script:run.py
2018-09-04 17:52:50  [success] success to check_shell success from en:8805 with the script:function.py check_shell
2018-09-04 17:52:50  [success] success to execution cmd from en:8803 with the script:run.py
2018-09-04 17:52:50  [success] success to execution cmd from en:8804 with the script:run.py
2018-09-04 17:52:50  [success] success to execution cmd from en:8805 with the script:run.py
2018-09-04 17:52:50  [success] success to check_shell success from en:8801 with the script:function.py check_shell
2018-09-04 17:52:50  [success] success to check_shell success from en:8801 with the script:function.py check_shell
2018-09-04 17:52:50  [success] success to execution cmd from en:8801 with the script:run.py
2018-09-04 17:52:50  [success] success to check_shell success from en:8802 with the script:function.py check_shell
2018-09-04 17:52:50  [success] success to check_shell success from en:8801 with the script:function.py check_shell
2018-09-04 17:52:50  [success] success to execution cmd from en:8801 with the script:run.py
2018-09-04 17:52:50  [success] success to execution cmd from en:8802 with the script:run.py
2018-09-04 17:52:50  [success] success to execution cmd from en:8801 with the script:run.py
2018-09-04 17:52:50  [success] success to check_shell success from en:8803 with the script:function.py check_shell
2018-09-04 17:52:50  [success] success to execution cmd from en:8803 with the script:run.py
2018-09-04 17:52:50  [success] success to check_shell success from en:8804 with the script:function.py check_shell
2018-09-04 17:52:50  [success] success to check_shell success from en:8805 with the script:function.py check_shell
2018-09-04 17:52:50  [success] success to check_shell success from en:8802 with the script:function.py check_shell
2018-09-04 17:52:50  [success] success to execution cmd from en:8805 with the script:run.py
2018-09-04 17:52:50  [success] success to execution cmd from en:8804 with the script:run.py
2018-09-04 17:52:50  [success] success to execution cmd from en:8802 with the script:run.py
2018-09-04 17:52:50  [success] success to check_shell success from en:8803 with the script:function.py check_shell
2018-09-04 17:52:50  [success] success to check_shell success from en:8804 with the script:function.py check_shell
2018-09-04 17:52:50  [success] success to execution cmd from en:8803 with the script:run.py
2018-09-04 17:52:50  [success] success to execution cmd from en:8804 with the script:run.py
2018-09-04 17:52:50  [success] success to check_shell success from en:8805 with the script:function.py check_shell
2018-09-04 17:52:51  [success] success to execution cmd from en:8805 with the script:run.py
2018-09-04 17:52:51  [success] success to check_shell success from en:8802 with the script:function.py check_shell
2018-09-04 17:52:51  [success] success to execution cmd from en:8802 with the script:run.py
2018-09-04 17:52:51  [success] success to check_shell success from en:8803 with the script:function.py check_shell
2018-09-04 17:52:51  [success] success to check_shell success from en:8804 with the script:function.py check_shell
2018-09-04 17:52:51  [success] success to execution cmd from en:8803 with the script:run.py
2018-09-04 17:52:51  [success] success to check_shell success from en:8802 with the script:function.py check_shell
2018-09-04 17:52:51  [success] success to execution cmd from en:8804 with the script:run.py
2018-09-04 17:52:51  [success] success to check_shell success from en:8805 with the script:function.py check_shell
2018-09-04 17:52:51  [success] success to execution cmd from en:8802 with the script:run.py
2018-09-04 17:52:51  [success] success to execution cmd from en:8805 with the script:run.py
2018-09-04 17:52:51  [success] success to check_shell success from en:8801 with the script:function.py check_shell
2018-09-04 17:52:51  [success] success to check_shell success from en:8801 with the script:function.py check_shell
2018-09-04 17:52:51  [success] success to check_shell success from en:8801 with the script:function.py check_shell
2018-09-04 17:52:51  [success] success to execution cmd from en:8801 with the script:run.py
2018-09-04 17:52:51  [success] success to execution cmd from en:8801 with the script:run.py
2018-09-04 17:52:51  [success] success to check_shell success from en:8802 with the script:function.py check_shell
2018-09-04 17:52:51  [success] success to execution cmd from en:8801 with the script:run.py
2018-09-04 17:52:51  [success] success to check_shell success from en:8803 with the script:function.py check_shell
2018-09-04 17:52:51  [success] success to execution cmd from en:8802 with the script:run.py
2018-09-04 17:52:51  [success] success to check_shell success from en:8804 with the script:function.py check_shell
2018-09-04 17:52:51  [success] success to execution cmd from en:8803 with the script:run.py
2018-09-04 17:52:51  [success] success to check_shell success from en:8805 with the script:function.py check_shell
2018-09-04 17:52:51  [success] success to execution cmd from en:8804 with the script:run.py
2018-09-04 17:52:51  [success] success to check_shell success from en:8802 with the script:function.py check_shell
2018-09-04 17:52:51  [success] success to execution cmd from en:8805 with the script:run.py
2018-09-04 17:52:51  [success] success to execution cmd from en:8802 with the script:run.py
2018-09-04 17:53:11  [success] success to check_shell success from en:8801 with the script:function.py check_shell
2018-09-04 17:53:11  [success] success to check_shell success from en:8801 with the script:function.py check_shell
2018-09-04 17:53:11  [success] success to check_shell success from en:8801 with the script:function.py check_shell
2018-09-04 17:53:11  [success] success to check_shell success from en:8801 with the script:function.py check_shell
2018-09-04 17:53:11  [success] success to execution cmd from en:8801 with the script:run.py
2018-09-04 17:53:11  [success] success to execution cmd from en:8801 with the script:run.py
2018-09-04 17:53:11  [success] success to execution cmd from en:8801 with the script:run.py
2018-09-04 17:53:11  [success] success to execution cmd from en:8801 with the script:run.py
2018-09-04 17:53:11  [success] success to check_shell success from en:8801 with the script:function.py check_shell
2018-09-04 17:53:11  [success] success to check_shell success from en:8801 with the script:function.py check_shell
2018-09-04 17:53:11  [success] success to check_shell success from en:8801 with the script:function.py check_shell
2018-09-04 17:53:11  [success] success to check_shell success from en:8802 with the script:function.py check_shell
2018-09-04 17:53:11  [success] success to execution cmd from en:8801 with the script:run.py
2018-09-04 17:53:11  [success] success to execution cmd from en:8801 with the script:run.py
2018-09-04 17:53:11  [success] success to execution cmd from en:8801 with the script:run.py
2018-09-04 17:53:11  [success] success to execution cmd from en:8802 with the script:run.py
2018-09-04 17:53:11  [success] success to check_shell success from en:8803 with the script:function.py check_shell
2018-09-04 17:53:11  [success] success to check_shell success from en:8805 with the script:function.py check_shell
2018-09-04 17:53:11  [success] success to check_shell success from en:8802 with the script:function.py check_shell
2018-09-04 17:53:11  [success] success to execution cmd from en:8803 with the script:run.py
2018-09-04 17:53:11  [success] success to check_shell success from en:8804 with the script:function.py check_shell
2018-09-04 17:53:11  [success] success to execution cmd from en:8805 with the script:run.py
2018-09-04 17:53:11  [success] success to execution cmd from en:8802 with the script:run.py
2018-09-04 17:53:11  [success] success to execution cmd from en:8804 with the script:run.py
2018-09-04 17:53:12  [success] success to check_shell success from en:8803 with the script:function.py check_shell
2018-09-04 17:53:12  [success] success to execution cmd from en:8803 with the script:run.py
2018-09-04 17:53:12  [success] success to check_shell success from en:8805 with the script:function.py check_shell
2018-09-04 17:53:12  [success] success to check_shell success from en:8804 with the script:function.py check_shell
2018-09-04 17:53:12  [success] success to check_shell success from en:8801 with the script:function.py check_shell
2018-09-04 17:53:12  [success] success to execution cmd from en:8805 with the script:run.py
2018-09-04 17:53:12  [success] success to execution cmd from en:8804 with the script:run.py
2018-09-04 17:53:12  [success] success to check_shell success from en:8801 with the script:function.py check_shell
2018-09-04 17:53:12  [success] success to execution cmd from en:8801 with the script:run.py
2018-09-04 17:53:12  [success] success to execution cmd from en:8801 with the script:run.py
2018-09-04 17:53:12  [success] success to check_shell success from en:8804 with the script:function.py check_shell
2018-09-04 17:53:12  [success] success to check_shell success from en:8802 with the script:function.py check_shell
2018-09-04 17:53:12  [success] success to check_shell success from en:8803 with the script:function.py check_shell
2018-09-04 17:53:12  [success] success to execution cmd from en:8804 with the script:run.py
2018-09-04 17:53:12  [success] success to check_shell success from en:8805 with the script:function.py check_shell
2018-09-04 17:53:12  [success] success to execution cmd from en:8802 with the script:run.py
2018-09-04 17:53:12  [success] success to execution cmd from en:8805 with the script:run.py
2018-09-04 17:53:12  [success] success to execution cmd from en:8803 with the script:run.py
2018-09-04 17:53:12  [success] success to check_shell success from en:8802 with the script:function.py check_shell
2018-09-04 17:53:12  [success] success to check_shell success from en:8803 with the script:function.py check_shell
2018-09-04 17:53:12  [success] success to check_shell success from en:8805 with the script:function.py check_shell
2018-09-04 17:53:12  [success] success to execution cmd from en:8803 with the script:run.py
2018-09-04 17:53:12  [success] success to check_shell success from en:8804 with the script:function.py check_shell
2018-09-04 17:53:12  [success] success to execution cmd from en:8805 with the script:run.py
2018-09-04 17:53:12  [success] success to execution cmd from en:8802 with the script:run.py
2018-09-04 17:53:12  [success] success to execution cmd from en:8804 with the script:run.py
2018-09-04 17:53:12  [success] success to check_shell success from en:8801 with the script:function.py check_shell
2018-09-04 17:53:12  [success] success to check_shell success from en:8801 with the script:function.py check_shell
2018-09-04 17:53:12  [success] success to check_shell success from en:8801 with the script:function.py check_shell
2018-09-04 17:53:12  [success] success to execution cmd from en:8801 with the script:run.py
2018-09-04 17:53:12  [success] success to check_shell success from en:8802 with the script:function.py check_shell
2018-09-04 17:53:12  [success] success to execution cmd from en:8801 with the script:run.py
2018-09-04 17:53:12  [success] success to execution cmd from en:8801 with the script:run.py
2018-09-04 17:53:12  [success] success to execution cmd from en:8802 with the script:run.py
2018-09-04 17:53:12  [success] success to check_shell success from en:8805 with the script:function.py check_shell
2018-09-04 17:53:12  [success] success to check_shell success from en:8803 with the script:function.py check_shell
2018-09-04 17:53:12  [success] success to check_shell success from en:8804 with the script:function.py check_shell
2018-09-04 17:53:12  [success] success to check_shell success from en:8802 with the script:function.py check_shell
2018-09-04 17:53:12  [success] success to execution cmd from en:8805 with the script:run.py
2018-09-04 17:53:12  [success] success to execution cmd from en:8803 with the script:run.py
2018-09-04 17:53:12  [success] success to execution cmd from en:8804 with the script:run.py
2018-09-04 17:53:12  [success] success to execution cmd from en:8802 with the script:run.py
2018-09-04 17:53:12  [success] success to check_shell success from en:8804 with the script:function.py check_shell
2018-09-04 17:53:13  [success] success to check_shell success from en:8803 with the script:function.py check_shell
2018-09-04 17:53:13  [success] success to check_shell success from en:8805 with the script:function.py check_shell
2018-09-04 17:53:13  [success] success to check_shell success from en:8802 with the script:function.py check_shell
2018-09-04 17:53:13  [success] success to execution cmd from en:8803 with the script:run.py
2018-09-04 17:53:13  [success] success to execution cmd from en:8805 with the script:run.py
2018-09-04 17:53:13  [success] success to execution cmd from en:8804 with the script:run.py
2018-09-04 17:53:13  [success] success to execution cmd from en:8802 with the script:run.py
2018-09-04 17:53:13  [success] success to check_shell success from en:8803 with the script:function.py check_shell
2018-09-04 17:53:13  [success] success to check_shell success from en:8804 with the script:function.py check_shell
2018-09-04 17:53:13  [success] success to execution cmd from en:8804 with the script:run.py
2018-09-04 17:53:13  [success] success to execution cmd from en:8803 with the script:run.py
2018-09-04 17:53:13  [success] success to check_shell success from en:8805 with the script:function.py check_shell
2018-09-04 17:53:13  [success] success to check_shell success from en:8802 with the script:function.py check_shell
2018-09-04 17:53:13  [success] success to execution cmd from en:8805 with the script:run.py
2018-09-04 17:53:13  [success] success to execution cmd from en:8802 with the script:run.py
2018-09-04 17:53:13  [success] success to check_shell success from en:8801 with the script:function.py check_shell
2018-09-04 17:53:13  [success] success to check_shell success from en:8801 with the script:function.py check_shell
2018-09-04 17:53:13  [success] success to execution cmd from en:8801 with the script:run.py
2018-09-04 17:53:13  [success] success to check_shell success from en:8801 with the script:function.py check_shell
2018-09-04 17:53:13  [success] success to check_shell success from en:8802 with the script:function.py check_shell
2018-09-04 17:53:13  [success] success to check_shell success from en:8803 with the script:function.py check_shell
2018-09-04 17:53:13  [success] success to execution cmd from en:8801 with the script:run.py
2018-09-04 17:53:13  [success] success to execution cmd from en:8801 with the script:run.py
2018-09-04 17:53:13  [success] success to execution cmd from en:8802 with the script:run.py
2018-09-04 17:53:13  [success] success to execution cmd from en:8803 with the script:run.py
2018-09-04 17:53:13  [success] success to check_shell success from en:8804 with the script:function.py check_shell
2018-09-04 17:53:13  [success] success to check_shell success from en:8805 with the script:function.py check_shell
2018-09-04 17:53:13  [success] success to check_shell success from en:8802 with the script:function.py check_shell
2018-09-04 17:53:13  [success] success to execution cmd from en:8804 with the script:run.py
2018-09-04 17:53:13  [success] success to execution cmd from en:8805 with the script:run.py
2018-09-04 17:53:13  [success] success to execution cmd from en:8802 with the script:run.py
